  Lab8.cpp
C:\Users\callu\Documents\GitHub\Computer-Graphics-Labs\include\camera.h(59,41): warning C4244: '=': conversion from 'double' to 'T', possible loss of data
          with
          [
              T=float
          ]
C:\Users\callu\Documents\GitHub\Computer-Graphics-Labs\include\camera.h(60,22): warning C4244: '=': conversion from 'double' to 'T', possible loss of data
          with
          [
              T=float
          ]
C:\Users\callu\Documents\GitHub\Computer-Graphics-Labs\include\camera.h(61,41): warning C4244: '=': conversion from 'double' to 'T', possible loss of data
          with
          [
              T=float
          ]
C:\Users\callu\Documents\GitHub\Computer-Graphics-Labs\include\file.h(17,36): warning C4267: 'initializing': conversion from 'size_t' to 'long', possible loss of data
C:\Users\callu\Documents\GitHub\Computer-Graphics-Labs\include\shadow.h(43,69): warning C4244: '=': conversion from 'float' to 'char', possible loss of data
C:\Users\callu\Documents\GitHub\Computer-Graphics-Labs\include\shadow.h(44,69): warning C4244: '=': conversion from 'float' to 'char', possible loss of data
C:\Users\callu\Documents\GitHub\Computer-Graphics-Labs\include\shadow.h(45,69): warning C4244: '=': conversion from 'float' to 'char', possible loss of data
C:\Users\callu\Documents\GitHub\Computer-Graphics-Labs\include\bitmap.h(74): warning C4715: 'savebitmap': not all control paths return a value
C:\Users\callu\Documents\GitHub\Computer-Graphics-Labs\include\bitmap.h(49): warning C4715: 'loadbitmap': not all control paths return a value
  Lab8.vcxproj -> C:\Users\callu\Documents\GitHub\Computer-Graphics-Labs\Lab8\x64\Debug\Lab8.exe
